0 info it worked if it ends with ok
1 verbose cli [ '/Users/dsegal/.nvm/v0.10.21/bin/node',
1 verbose cli   '/Users/dsegal/.nvm/v0.10.21/bin/npm',
1 verbose cli   'start' ]
2 info using npm@1.3.11
3 info using node@v0.10.21
4 error Failed to parse json
4 error Unexpected token }
5 error File: /Users/dsegal/Webdev/hapi-leads/package.json
6 error Failed to parse package.json data.
6 error package.json must be actual JSON, not just JavaScript.
6 error
6 error This is not a bug in npm.
6 error Tell the package author to fix their package.json file. JSON.parse
7 error System Darwin 13.1.0
8 error command "/Users/dsegal/.nvm/v0.10.21/bin/node" "/Users/dsegal/.nvm/v0.10.21/bin/npm" "start"
9 error cwd /Users/dsegal/Webdev/hapi-leads
10 error node -v v0.10.21
11 error npm -v 1.3.11
12 error file /Users/dsegal/Webdev/hapi-leads/package.json
13 error code EJSONPARSE
14 verbose exit [ 1, true ]
